<?xml version="1.0" encoding="UTF-8"?>
<!-- Generated by org.testng.reporters.JUnitReportReporter -->
<testsuite hostname="LAPTOP-PSK043T1" failures="0" tests="1" name="TestsNG.LoginTest" time="2.558" errors="0" timestamp="2024-02-05T19:51:13 CST" skipped="0">
  <testcase classname="TestsNG.LoginTest" name="LoginSuccess" time="2.558"/>
  <system-out/>
</testsuite> <!-- TestsNG.LoginTest -->
