<?xml version="1.0" encoding="UTF-8"?>
<!-- Generated by org.testng.reporters.JUnitReportReporter -->
<testsuite hostname="LAPTOP-PSK043T1" failures="0" tests="1" name="TestsNG.Test01" time="0.004" errors="0" timestamp="2024-02-05T16:51:15 CST" skipped="0">
  <testcase classname="TestsNG.Test01" name="f" time="0.004"/>
  <system-out/>
</testsuite> <!-- TestsNG.Test01 -->
