<?xml version="1.0" encoding="UTF-8"?>
<!-- Generated by org.testng.reporters.JUnitReportReporter -->
<testsuite hostname="LAPTOP-PSK043T1" failures="0" tests="1" name="FirstTest" time="0.003" errors="0" timestamp="2024-02-05T16:11:15 CST" skipped="0">
  <testcase classname="FirstTest" name="f" time="0.003"/>
  <system-out/>
</testsuite> <!-- FirstTest -->
