<?xml version="1.0" encoding="UTF-8"?>
<!-- Generated by org.testng.reporters.JUnitReportReporter -->
<testsuite hostname="LAPTOP-PSK043T1" failures="0" tests="1" name="tests.Test01" time="1.350" errors="0" timestamp="2024-02-05T16:14:14 CST" skipped="0">
  <testcase classname="tests.Test01" name="f" time="1.350"/>
  <system-out/>
</testsuite> <!-- tests.Test01 -->
