<?xml version="1.0" encoding="UTF-8"?>
<!-- Generated by org.testng.reporters.JUnitReportReporter -->
<testsuite hostname="LAPTOP-PSK043T1" failures="0" tests="3" name="C_Tests.LoginTest" time="15.596" errors="0" timestamp="2024-02-05T21:34:44 CST" skipped="0">
  <testcase classname="C_Tests.LoginTest" name="LoginSuccess" time="5.345"/>
  <system-out/>
  <testcase classname="C_Tests.LoginTest" name="LoginWrongPassword" time="5.119"/>
  <system-out/>
  <testcase classname="C_Tests.LoginTest" name="LoginWrongUsername" time="5.132"/>
  <system-out/>
</testsuite> <!-- C_Tests.LoginTest -->
